<?xml version="1.0" encoding="UTF-8"?>
<!-- Generated by org.testng.reporters.JUnitXMLReporter -->
<testsuite hostname="DESKTOP-M4N8ONB" ignored="0" name="Test" tests="10" failures="1" timestamp="11 Jan 2020 09:49:32 GMT" time="400.59" errors="0">
  <testcase name="validatehomePageTest" time="2.024" classname="com.amazon.testcases.HomePageTest"/>
  <testcase name="searchResultTest" time="0.086" classname="com.amazon.testcases.ResultPageTest"/>
  <testcase name="verifyAddCart" time="8.568" classname="com.amazon.testcases.CartPageTest"/>
  <testcase name="verifyPriceOfItemTest" time="5.869" classname="com.amazon.testcases.OrderPageTest"/>
  <testcase name="searchItemTest" time="5.949" classname="com.amazon.testcases.HomePageTest"/>
  <testcase name="sortByItemTest" time="33.88" classname="com.amazon.testcases.ResultPageTest">
    <failure type="org.openqa.selenium.StaleElementReferenceException" message="stale element reference: element is not attached to the page document
  (Session info: chrome=79.0.3945.117)
For documentation on this error, please visit: http://seleniumhq.org/exceptions/stale_element_reference.html
Build info: version: &amp;apos;3.4.0&amp;apos;, revision: &amp;apos;unknown&amp;apos;, time: &amp;apos;unknown&amp;apos;
System info: host: &amp;apos;DESKTOP-M4N8ONB&amp;apos;, ip: &amp;apos;192.168.43.233&amp;apos;, os.name: &amp;apos;Windows 10&amp;apos;, os.arch: &amp;apos;amd64&amp;apos;, os.version: &amp;apos;10.0&amp;apos;, java.version: &amp;apos;1.8.0_66&amp;apos;
Driver info: org.openqa.selenium.chrome.ChromeDriver
Capabilities [{networkConnectionEnabled=false, chrome={chromedriverVersion=79.0.3945.36 (3582db32b33893869b8c1339e8f4d9ed1816f143-refs/branch-heads/3945@{#614}), userDataDir=C:\Users\Dell\AppData\Local\Temp\scoped_dir17452_2084524602}, timeouts={implicit=0.0, pageLoad=300000.0, script=30000.0}, pageLoadStrategy=normal, unhandledPromptBehavior=dismiss and notify, strictFileInteractability=false, platform=ANY, proxy=Proxy(), goog:chromeOptions={debuggerAddress=localhost:57439}, acceptInsecureCerts=false, browserVersion=79.0.3945.117, browserName=chrome, javascriptEnabled=true, platformName=windows, setWindowRect=true}]
Session ID: ff08f979d653c9c5dfcd56ed937ba040">
      <![CDATA[org.openqa.selenium.StaleElementReferenceException: stale element reference: element is not attached to the page document
  (Session info: chrome=79.0.3945.117)
For documentation on this error, please visit: http://seleniumhq.org/exceptions/stale_element_reference.html
Build info: version: '3.4.0', revision: 'unknown', time: 'unknown'
System info: host: 'DESKTOP-M4N8ONB', ip: '192.168.43.233', os.name: 'Windows 10', os.arch: 'amd64', os.version: '10.0', java.version: '1.8.0_66'
Driver info: org.openqa.selenium.chrome.ChromeDriver
Capabilities [{networkConnectionEnabled=false, chrome={chromedriverVersion=79.0.3945.36 (3582db32b33893869b8c1339e8f4d9ed1816f143-refs/branch-heads/3945@{#614}), userDataDir=C:\Users\Dell\AppData\Local\Temp\scoped_dir17452_2084524602}, timeouts={implicit=0.0, pageLoad=300000.0, script=30000.0}, pageLoadStrategy=normal, unhandledPromptBehavior=dismiss and notify, strictFileInteractability=false, platform=ANY, proxy=Proxy(), goog:chromeOptions={debuggerAddress=localhost:57439}, acceptInsecureCerts=false, browserVersion=79.0.3945.117, browserName=chrome, javascriptEnabled=true, platformName=windows, setWindowRect=true}]
Session ID: ff08f979d653c9c5dfcd56ed937ba040
at org.openqa.selenium.remote.http.W3CHttpResponseCodec.createException(W3CHttpResponseCodec.java:150)
at org.openqa.selenium.remote.http.W3CHttpResponseCodec.decode(W3CHttpResponseCodec.java:115)
at org.openqa.selenium.remote.http.W3CHttpResponseCodec.decode(W3CHttpResponseCodec.java:45)
at org.openqa.selenium.remote.HttpCommandExecutor.execute(HttpCommandExecutor.java:164)
at org.openqa.selenium.remote.service.DriverCommandExecutor.execute(DriverCommandExecutor.java:82)
at org.openqa.selenium.remote.RemoteWebDriver.execute(RemoteWebDriver.java:637)
at org.openqa.selenium.remote.RemoteWebElement.execute(RemoteWebElement.java:272)
at org.openqa.selenium.remote.RemoteWebElement.getText(RemoteWebElement.java:156)
at com.amazon.pages.ResultPage.sortByItem(ResultPage.java:52)
at com.amazon.testcases.ResultPageTest.sortByItemTest(ResultPageTest.java:37)
... Removed 29 stack frames]]>
    </failure>
  </testcase> <!-- sortByItemTest -->
  <testcase name="verifyProductName" time="4.923" classname="com.amazon.testcases.OrderPageTest"/>
  <testcase name="SearchItemTest" time="0.737" classname="com.amazon.testcases.ResultPageTest"/>
  <testcase name="verifyTabItemTest" time="4.172" classname="com.amazon.testcases.OrderPageTest"/>
  <testcase name="addItemTest" time="10.287" classname="com.amazon.testcases.OrderPageTest"/>
</testsuite> <!-- Test -->
